[1613558244] Nagios 4.4.6 starting... (PID=25)
[1613558244] Local time is Wed Feb 17 10:37:24 UTC 2021
[1613558244] LOG VERSION: 2.0
[1613558244] qh: Socket '/opt/nagios/var/rw/nagios.qh' successfully initialized
[1613558244] qh: core query handler registered
[1613558244] qh: echo service query handler registered
[1613558244] qh: help for the query handler registered
[1613558244] wproc: Successfully registered manager as @wproc with query handler
[1613558244] wproc: Registry request: name=Core Worker 50;pid=50
[1613558244] wproc: Registry request: name=Core Worker 49;pid=49
[1613558244] wproc: Registry request: name=Core Worker 48;pid=48
[1613558244] wproc: Registry request: name=Core Worker 47;pid=47
[1613558245] Successfully launched command file worker with pid 56
[1613558356] SERVICE ALERT: localhost;HTTP;WARNING;SOFT;1;HTTP WARNING: HTTP/1.1 401 Unauthorized - 691 bytes in 0.001 second response time
[1613558416] SERVICE ALERT: localhost;HTTP;WARNING;SOFT;2;HTTP WARNING: HTTP/1.1 401 Unauthorized - 691 bytes in 0.001 second response time
[1613558469] SERVICE ALERT: localhost;SSH;CRITICAL;SOFT;1;connect to address 127.0.0.1 and port 22: Connection refused
[1613558476] SERVICE ALERT: localhost;HTTP;WARNING;SOFT;3;HTTP WARNING: HTTP/1.1 401 Unauthorized - 691 bytes in 0.001 second response time
[1613558506] SERVICE ALERT: localhost;Swap Usage;CRITICAL;SOFT;1;SWAP CRITICAL - 0% free (0 MB out of 0 MB) - Swap is either disabled, not present, or of zero size.
[1613558524] Caught SIGTERM, shutting down...
[1613558524] Successfully shutdown... (PID=25)
[1613558527] Nagios 4.4.6 starting... (PID=20)
[1613558527] Local time is Wed Feb 17 10:42:07 UTC 2021
[1613558527] LOG VERSION: 2.0
[1613558527] qh: Socket '/opt/nagios/var/rw/nagios.qh' successfully initialized
[1613558527] qh: core query handler registered
[1613558527] qh: echo service query handler registered
[1613558527] qh: help for the query handler registered
[1613558527] wproc: Successfully registered manager as @wproc with query handler
[1613558527] wproc: Registry request: name=Core Worker 24;pid=24
[1613558527] wproc: Registry request: name=Core Worker 27;pid=27
[1613558527] wproc: Registry request: name=Core Worker 25;pid=25
[1613558527] wproc: Registry request: name=Core Worker 26;pid=26
[1613558527] Successfully launched command file worker with pid 28
[1613558529] SERVICE ALERT: localhost;SSH;CRITICAL;SOFT;2;connect to address 127.0.0.1 and port 22: Connection refused
[1613558536] SERVICE ALERT: localhost;HTTP;WARNING;HARD;4;HTTP WARNING: HTTP/1.1 401 Unauthorized - 691 bytes in 0.001 second response time
[1613558550] Nagios 4.4.6 starting... (PID=17)
[1613558550] Local time is Wed Feb 17 10:42:30 UTC 2021
[1613558550] LOG VERSION: 2.0
[1613558550] qh: Socket '/opt/nagios/var/rw/nagios.qh' successfully initialized
[1613558550] qh: core query handler registered
[1613558550] qh: echo service query handler registered
[1613558550] qh: help for the query handler registered
[1613558550] wproc: Successfully registered manager as @wproc with query handler
[1613558550] wproc: Registry request: name=Core Worker 22;pid=22
[1613558550] wproc: Registry request: name=Core Worker 23;pid=23
[1613558550] wproc: Registry request: name=Core Worker 25;pid=25
[1613558550] wproc: Registry request: name=Core Worker 24;pid=24
[1613558550] Successfully launched command file worker with pid 26
[1613558566] SERVICE ALERT: localhost;Swap Usage;CRITICAL;SOFT;2;SWAP CRITICAL - 0% free (0 MB out of 0 MB) - Swap is either disabled, not present, or of zero size.
[1613558587] Caught SIGTERM, shutting down...
[1613558587] Successfully shutdown... (PID=17)
[1613558610] Nagios 4.4.6 starting... (PID=18)
[1613558610] Local time is Wed Feb 17 10:43:30 UTC 2021
[1613558610] LOG VERSION: 2.0
[1613558610] qh: Socket '/opt/nagios/var/rw/nagios.qh' successfully initialized
[1613558610] qh: core query handler registered
[1613558610] qh: echo service query handler registered
[1613558610] qh: help for the query handler registered
[1613558610] wproc: Successfully registered manager as @wproc with query handler
[1613558610] wproc: Registry request: name=Core Worker 22;pid=22
[1613558610] wproc: Registry request: name=Core Worker 23;pid=23
[1613558610] wproc: Registry request: name=Core Worker 24;pid=24
[1613558610] wproc: Registry request: name=Core Worker 25;pid=25
[1613558610] Successfully launched command file worker with pid 27
[1613558626] SERVICE ALERT: localhost;Swap Usage;CRITICAL;SOFT;3;SWAP CRITICAL - 0% free (0 MB out of 0 MB) - Swap is either disabled, not present, or of zero size.
[1613558647] SERVICE ALERT: localhost;HTTP;WARNING;HARD;4;HTTP WARNING: HTTP/1.1 401 Unauthorized - 691 bytes in 0.001 second response time
[1613558670] SERVICE ALERT: localhost;SSH;CRITICAL;SOFT;2;connect to address 127.0.0.1 and port 22: Connection refused
[1613558686] SERVICE NOTIFICATION: nagiosadmin;localhost;Swap Usage;CRITICAL;notify-service-by-email;SWAP CRITICAL - 0% free (0 MB out of 0 MB) - Swap is either disabled, not present, or of zero size.
[1613558686] SERVICE ALERT: localhost;Swap Usage;CRITICAL;HARD;4;SWAP CRITICAL - 0% free (0 MB out of 0 MB) - Swap is either disabled, not present, or of zero size.
[1613558687] wproc: NOTIFY job 1 from worker Core Worker 24 is a non-check helper but exited with return code 1
[1613558687] wproc:   host=localhost; service=Swap Usage; contact=nagiosadmin
[1613558687] wproc:   early_timeout=0; exited_ok=1; wait_status=256; error_code=0;
[1613558687] wproc:   stderr line 01: [<-] 220 smtp.gmail.com ESMTP l2sm3355763wrm.6 - gsmtp
[1613558687] wproc:   stderr line 02: [->] EHLO raspberrypi
[1613558687] wproc:   stderr line 03: [<-] 250 SMTPUTF8
[1613558687] wproc:   stderr line 04: [->] STARTTLS
[1613558687] wproc:   stderr line 05: [<-] 220 2.0.0 Ready to start TLS
[1613558687] wproc:   stderr line 06: [->] EHLO raspberrypi
[1613558687] wproc:   stderr line 07: [<-] 250 SMTPUTF8
[1613558687] wproc:   stderr line 08: [->] AUTH LOGIN
[1613558687] wproc:   stderr line 09: [<-] 334 VXNlcm5hbWU6
[1613558687] wproc:   stderr line 10: [->] bXlnbWFpbGFjY291bnRAZ21haWwuY29t
[1613558687] wproc:   stderr line 11: [<-] 334 UGFzc3dvcmQ6
[1613558687] wproc:   stderr line 12: [<-] 535 5.7.8  https://support.google.com/mail/?p=BadCredentials l2sm3355763wrm.6 - gsmtp
[1613558687] wproc:   stderr line 13: sendmail: Authorization failed (535 5.7.8  https://support.google.com/mail/?p=BadCredentials l2sm3355763wrm.6 - gsmtp)
[1613558717] Caught SIGTERM, shutting down...
[1613558717] Successfully shutdown... (PID=18)
[1613558732] Nagios 4.4.6 starting... (PID=25)
[1613558732] Local time is Wed Feb 17 10:45:32  2021
[1613558732] LOG VERSION: 2.0
[1613558732] qh: Socket '/opt/nagios/var/rw/nagios.qh' successfully initialized
[1613558732] qh: core query handler registered
[1613558732] qh: echo service query handler registered
[1613558732] qh: help for the query handler registered
[1613558732] wproc: Successfully registered manager as @wproc with query handler
[1613558732] wproc: Registry request: name=Core Worker 29;pid=29
[1613558732] wproc: Registry request: name=Core Worker 30;pid=30
[1613558732] wproc: Registry request: name=Core Worker 31;pid=31
[1613558732] wproc: Registry request: name=Core Worker 32;pid=32
[1613558732] Successfully launched command file worker with pid 33
[1613558791] Caught SIGTERM, shutting down...
[1613558791] Successfully shutdown... (PID=25)
[1613558794] Nagios 4.4.6 starting... (PID=19)
[1613558794] Local time is Wed Feb 17 10:46:34  2021
[1613558794] LOG VERSION: 2.0
[1613558794] qh: Socket '/opt/nagios/var/rw/nagios.qh' successfully initialized
[1613558794] qh: core query handler registered
[1613558794] qh: echo service query handler registered
[1613558794] qh: help for the query handler registered
[1613558794] wproc: Successfully registered manager as @wproc with query handler
[1613558794] wproc: Registry request: name=Core Worker 27;pid=27
[1613558794] wproc: Registry request: name=Core Worker 26;pid=26
[1613558794] wproc: Registry request: name=Core Worker 25;pid=25
[1613558794] wproc: Registry request: name=Core Worker 24;pid=24
[1613558794] Successfully launched command file worker with pid 33
[1613558831] SERVICE ALERT: localhost;SSH;CRITICAL;SOFT;3;connect to address 127.0.0.1 and port 22: Connection refused
[1613558886] Caught SIGTERM, shutting down...
[1613558886] Successfully shutdown... (PID=19)
[1613558889] Nagios 4.4.6 starting... (PID=27)
[1613558889] Local time is Wed Feb 17 10:48:09 UTC 2021
[1613558889] LOG VERSION: 2.0
[1613558889] qh: Socket '/opt/nagios/var/rw/nagios.qh' successfully initialized
[1613558889] qh: core query handler registered
[1613558889] qh: echo service query handler registered
[1613558889] qh: help for the query handler registered
[1613558889] wproc: Successfully registered manager as @wproc with query handler
[1613558889] wproc: Registry request: name=Core Worker 34;pid=34
[1613558889] wproc: Registry request: name=Core Worker 33;pid=33
[1613558889] wproc: Registry request: name=Core Worker 32;pid=32
[1613558889] wproc: Registry request: name=Core Worker 31;pid=31
[1613558889] Successfully launched command file worker with pid 35
[1613558891] SERVICE ALERT: localhost;SSH;CRITICAL;HARD;4;connect to address 127.0.0.1 and port 22: Connection refused
[1613558905] Caught SIGTERM, shutting down...
[1613558905] Successfully shutdown... (PID=27)
[1613558907] Nagios 4.4.6 starting... (PID=24)
[1613558907] Local time is Wed Feb 17 10:48:27 UTC 2021
[1613558907] LOG VERSION: 2.0
[1613558907] qh: Socket '/opt/nagios/var/rw/nagios.qh' successfully initialized
[1613558907] qh: core query handler registered
[1613558907] qh: echo service query handler registered
[1613558907] qh: help for the query handler registered
[1613558907] wproc: Successfully registered manager as @wproc with query handler
[1613558907] wproc: Registry request: name=Core Worker 32;pid=32
[1613558907] wproc: Registry request: name=Core Worker 31;pid=31
[1613558907] wproc: Registry request: name=Core Worker 30;pid=30
[1613558907] wproc: Registry request: name=Core Worker 29;pid=29
[1613558907] Successfully launched command file worker with pid 33
[1613559003] Caught SIGTERM, shutting down...
[1613559003] Successfully shutdown... (PID=24)
[1613559006] Nagios 4.4.6 starting... (PID=23)
[1613559006] Local time is Wed Feb 17 11:50:06 CET 2021
[1613559006] LOG VERSION: 2.0
[1613559006] qh: Socket '/opt/nagios/var/rw/nagios.qh' successfully initialized
[1613559006] qh: core query handler registered
[1613559006] qh: echo service query handler registered
[1613559006] qh: help for the query handler registered
[1613559006] wproc: Successfully registered manager as @wproc with query handler
[1613559006] wproc: Registry request: name=Core Worker 32;pid=32
[1613559006] wproc: Registry request: name=Core Worker 29;pid=29
[1613559006] wproc: Registry request: name=Core Worker 31;pid=31
[1613559006] wproc: Registry request: name=Core Worker 30;pid=30
[1613559006] Successfully launched command file worker with pid 38
[1613561369] Caught SIGTERM, shutting down...
[1613561369] Successfully shutdown... (PID=23)
[1613561372] Nagios 4.4.6 starting... (PID=24)
[1613561372] Local time is Wed Feb 17 12:29:32 CET 2021
[1613561372] LOG VERSION: 2.0
[1613561372] qh: Socket '/opt/nagios/var/rw/nagios.qh' successfully initialized
[1613561372] qh: core query handler registered
[1613561372] qh: echo service query handler registered
[1613561372] qh: help for the query handler registered
[1613561372] wproc: Successfully registered manager as @wproc with query handler
[1613561372] wproc: Registry request: name=Core Worker 30;pid=30
[1613561372] wproc: Registry request: name=Core Worker 28;pid=28
[1613561372] wproc: Registry request: name=Core Worker 29;pid=29
[1613561372] wproc: Registry request: name=Core Worker 31;pid=31
[1613561372] Successfully launched command file worker with pid 33
[1613562286] SERVICE NOTIFICATION: nagiosadmin;localhost;Swap Usage;CRITICAL;notify-service-by-email;SWAP CRITICAL - 0% free (0 MB out of 0 MB) - Swap is either disabled, not present, or of zero size.
[1613562286] wproc: NOTIFY job 7 from worker Core Worker 30 is a non-check helper but exited with return code 1
[1613562286] wproc:   host=localhost; service=Swap Usage; contact=nagiosadmin
[1613562286] wproc:   early_timeout=0; exited_ok=1; wait_status=256; error_code=0;
[1613562286] wproc:   stderr line 01: [<-] 220 smtp.gmail.com ESMTP c62sm2671448wme.16 - gsmtp
[1613562286] wproc:   stderr line 02: [->] EHLO raspberrypi
[1613562286] wproc:   stderr line 03: [<-] 250 SMTPUTF8
[1613562286] wproc:   stderr line 04: [->] STARTTLS
[1613562286] wproc:   stderr line 05: [<-] 220 2.0.0 Ready to start TLS
[1613562286] wproc:   stderr line 06: [->] EHLO raspberrypi
[1613562286] wproc:   stderr line 07: [<-] 250 SMTPUTF8
[1613562286] wproc:   stderr line 08: [->] AUTH LOGIN
[1613562286] wproc:   stderr line 09: [<-] 334 VXNlcm5hbWU6
[1613562286] wproc:   stderr line 10: [->] bXlnbWFpbGFjY291bnRAZ21haWwuY29t
[1613562286] wproc:   stderr line 11: [<-] 334 UGFzc3dvcmQ6
[1613562286] wproc:   stderr line 12: [<-] 535 5.7.8  https://support.google.com/mail/?p=BadCredentials c62sm2671448wme.16 - gsmtp
[1613562286] wproc:   stderr line 13: sendmail: Authorization failed (535 5.7.8  https://support.google.com/mail/?p=BadCredentials c62sm2671448wme.16 - gsmtp)
